
ROM used:   17386/350208 (5%)
            17386/350208 (5%) including unused fragments

            3.3 Average locations per line
            11.6 Average locations per statement

RAM used:   1276/53248 (2%) at main() level
            1639/53248 (3%) worst case

Stack size: 128

Lines Stmts  %   Files
----- ----- ---  -----
 1065   824  55  M95.c
   32     0   0  configPic.h
 1383     0   0  ..\..\..\..\..\Folder Cai Dat\MPLabIDEv8.92\Microchip\Third Party\PICC\Devices\24ep512gp806.h
  128     0   0  M95.h
   34     0   0  ..\..\..\..\..\Folder Cai Dat\MPLabIDEv8.92\Microchip\Third Party\PICC\Drivers\stdbool.h
  113     0   0  modbus_485.h
 1351   524  35  ..\..\..\..\..\Folder Cai Dat\MPLabIDEv8.92\Microchip\Third Party\PICC\Drivers\stdlib.h
   32     0   0  ..\..\..\..\..\Folder Cai Dat\MPLabIDEv8.92\Microchip\Third Party\PICC\Drivers\stddef.h
  423     0   0  ..\..\..\..\..\Folder Cai Dat\MPLabIDEv8.92\Microchip\Third Party\PICC\Drivers\string.h
   28     0   0  ..\..\..\..\..\Folder Cai Dat\MPLabIDEv8.92\Microchip\Third Party\PICC\Drivers\ctype.h
  163     0   0  ..\..\..\..\..\Folder Cai Dat\MPLabIDEv8.92\Microchip\Third Party\PICC\Drivers\stdint.h
   37     0   0  ..\..\..\..\..\Folder Cai Dat\MPLabIDEv8.92\Microchip\Third Party\PICC\Drivers\stdio.h
  326   134   9  ..\..\..\..\..\Folder Cai Dat\MPLabIDEv8.92\Microchip\Third Party\PICC\Drivers\stdlibm.h
   76    13   1  ..\..\..\..\..\Folder Cai Dat\MPLabIDEv8.92\Microchip\Third Party\PICC\Drivers\memmgmt.c
----- -----
 5191  1495 Total

Page ROM  %  RAM   Vol Diff  Functions:
---- --- --- ---   --- ----  ----------
0     68   0    8             @DIV3232B
0     20   0    2             @delay_ms1
0     14   0    0             @GETCH_BIU_2
0     14   0    0             @GETCH_BIU_3
0     52   0    0             @GET_TICKS_1
0     22   0    2             @SET_TICKS_1
0     52   0    0             @GET_TICKS_2
0     52   0    0             @GET_TICKS_3
0     22   0    2             @SET_TICKS_3
0    200   1    0             @const1094
0    200   1    0             @const1097
0     62   0    6   231  6.6  strcmp
0     68   0   10   318  6.5  strstr
0     36   0    8   129  4.6  strlen
0     66   0    8             @MULS3232
0     48   0    8             @MUL3232
0     36   0    9   150  3.6  create_node
0     16   0    7    60  3.1  update_node
0     54   0    7   180  4.5  insert_node_after
0    186   1   13   919 12.3  malloc
0    180   1    4  1159  6.3  interruptReceiveModbus
0     44   0    0   100  1.6  powerOnM95
0     38   0    0             @const1546
0   3920  11   12 13964 17.8  serialEvent
0     16   0    0             @const1549
0     18   0    0             @const1551
0     14   0    0             @const1552
0     26   0    0             @const1553
0     24   0    0             @const1554
0     28   0    0             @const1555
0     22   0    0             @const1556
0     20   0    0             @const1558
0     32   0    0             @const1559
0     14   0    0             @const1560
0     32   0    0             @const1561
0     22   0    0             @const1562
0     20   0    0             @const1563
0     20   0    0             @const1564
0     22   0    0             @const1565
0     20   0    0             @const1566
0     20   0    0             @const1567
0     28   0    0             @const1568
0     24   0    0             @const1569
0     26   0    0             @const1570
0     24   0    0             @const1571
0     30   0    0             @const1580
0    246   1    0             @PRINTFD16_57600_29202_29204
0     34   0    0             @const1584
0     34   0    0             @const1585
0     34   0    0             @const1586
0     34   0    0             @const1587
0     30   0    0             @const1591
0     36   0    0             @const1592
0     28   0    0             @const1594
0     28   0    0             @const1597
0     30   0    0             @const1598
0     22   0    0             @const1599
0     28   0    0             @const1600
0     34   0    0             @const1603
0     28   0    0             @const1605
0     34   0    0             @const1606
0     36   0    0             @const1609
0     36   0    0             @const1612
0     34   0    0             @const1613
0     34   0    0             @const1614
0     34   0    0             @const1617
0     34   0    0             @const1622
0     38   0    0             @const1627
0     32   0    0             @const1628
0     40   0    0             @const1629
0    274   1    2   555  4.1  connectReturnCode
0     42   0    0             @const1630
0     52   0    2             @PRINTF_X_57600_29202_29204
0     32   0    0             @const1634
0     68   0    0             @const1635
0     62   0    0             @const1636
0     62   0    0             @const1637
0     66   0    0             @const1638
0     58   0    0             @const1639
0     38   0    0             @const1640
0    118   0    8   394  5.2  sendAT
0     26   0    0             @const1642
0    152   0   10   528  5.9  sendATResponse
0     14   0    1             @SPRINTF
0     32   0    0             @const1647
0    168   0   10   385  6.4  sendLength
0     28   0    0             @const1651
0    276   1    0             @PRINTFD32_57600_29202_29204
0    186   1    7   269  3.6  sendUTF8String
0     38   0    0             @const1659
0     34   0    0             @const1660
0    128   0    5   254  3.1  publishACK
0     26   0    0             @const1661
0    128   0    5   254  3.1  publishREC
0     26   0    0             @const1663
0    140   0    6   332  3.8  publishREL
0     26   0    0             @const1665
0    128   0    5   254  3.1  publishCOMP
0     26   0    0             @const1667
0    138   0   13   256  4.4  pingRequest
0     28   0    0             @const1670
0    186   1    9   548  4.5  mqttSubscribe
0     30   0    0             @const1679
0    354   1   12   842  6.3  mqttPublish
0     28   0    0             @const1696
0     28   0    0             @const1699
0     34   0    0             @const1700
0     30   0    0    86  3.4  generateMessageID
0    800   2    7  2160  6.8  mqttConnect
0     28   0    0             @const1704
0     28   0    0             @const1705
0     32   0    0             @const1706
0     36   0    0             @const1707
0     36   0    0             @const1708
0     10   0    0    16  1.0  autoConnect
0   1582   5   10  5796 10.2  tcpInit
0     16   0    0             @const1714
0     26   0    0             @const1716
0     18   0    0             @const1717
0     20   0    0             @const1718
0     24   0    0             @const1719
0     24   0    0             @const1720
0     28   0    0             @const1721
0     28   0    0             @const1723
0     26   0    0             @const1724
0     26   0    0             @const1725
0     26   0    0             @const1726
0     24   0    0             @const1727
0     22   0    0             @const1728
0     26   0    0             @const1729
0     24   0    0             @const1730
0     20   0    0             @const1731
0     34   0    0             @const1733
0     24   0    0             @const1735
0     26   0    0             @const1737
0     28   0    0             @const1739
0     18   0    0             @const1740
0     40   0    0             @const1741
0     18   0    0             @const1742
0     36   0    0             @const1743
0     26   0    0             @const1744
0      6   0    0    12  0.8  begin
0     30   0    2   102  3.1  mqttProcessing
0    376   1    3   978  6.8  messageProcessing
0     34   0    0             @const1751
0     16   0    0             @const1752
0     32   0    0             @const1754
0     16   0    0             @const1755
0     32   0    0             @const1756
0      8   0    0    13  1.0  mqttAvailable
0     14   0    1    53  1.9  modbusEnableTimeout
0     58   0    0   252  5.0  modbusTimeoutNow
0     30   0    3    86  2.5  modbusCheckTimeout
0     40   0    0   231  4.5  modbus_kbhit
0     32   0    2   222  3.1  modbusCalcCrc
0    512   1   10  2856  8.9  modbusReadHoldingRegRsp
0   1600   5    5  5275 11.4  MAIN
0     24   0    0             @const1773
0     30   0    0             @const1778
0     26   0    0             @const1780
0     24   0    0             @const1782
0     32   0    0             @const1783
0     44   0    0             @const1786
0     40   0    0             @const1787
0     30   0    0             @const1788
0    262   1    0             @PRINTFD16_1645
0     30   0    0             @const1792
0     36   0    0             @const1793
 Inline         0             @cinit1

Program metrics:
    Functions               37
    Statements              1495
    Comments                812
    Volume (V)              61483
    Difficulty (D)          191.3
    Effort to implement (E) 11760327
    Time to implement (T)   181 hours, 29 minutes
    Est Delivered Bugs (B)  17
    Cyclomatic Complexity   128
    Maintainability (MI)    113

 Segment     Used  Free
-----------  ----  ----
00000-00002     4  0  
00004-001FE   508  0  
00200-0FFFE  16874  48150  
10000-1FFFE     0  65536  
20000-2FFFE     0  65536  
30000-3FFFE     0  65536  
40000-4FFFE     0  65536  
50000-557FE     0  22528  



